192
f4e
f5
f14b
f15c
f16bk40
f18c
f111f
a10
an2
b52h
c130
su25
su27
mig19
mig21
mig23
mig25
mig27
mig29a
mig31
b1
ea6
f22
tu95
f117
f15e229
a50
an24
e3
ef111
f4g
f18d
il28
il76
kc10
il78
kc135
tu16
tu16n
ac130
y8
j5
j7
mig29s
su30mkk
av8b
q5
su24
e2c
b2a
tu160
tu22
su39
e8c
ov10d
tr1
u2
an225
an72
c17
mv22
su33
f4d
fa2
ef2000
su7bmk
su17
su32
su27ub
su35
mig17pf
f16bk52
su30m
f4j
mig19pf
mig21f
mig21mbis
a6e
c141
c5
f14a
f14d
f15a
f15d
f15e220
f16bk15
f16bk30
f18a
f18e
tornecr
a7d
a7e
f4b
f4c
f4eiaf
f4ej
f4k
f4m
f4n
f4s
f5a
f15cj
f15dj
f16amnl
f111a
f111d
f111e
cf18a
f16amno
f16bk52+
a7h
f16dm40
f16dm52
tornadv
f105d
a1h
f102
f18b
f100d
f8
f16bk25
f16bk32
f16bk42
ka6d
an12
an124
a4b
a4e
a4m
kc130r
rc135
ra5c
s3b
b52d
b52g
mirage2kc
mig29g
mig29m
su37
sr71
j8
f104
mig29c
f4f
su15
fb111
mb339
g4
o1e
mirage2k5
mirage2k9
mirage2kd
mirage2kn
miragef1
f16bk50
f16amdk
amx
mirageiii
jaguaris
f18f
f16bk32agrs
f16b15
f16ambe
f16bk52+cft
tornidsGE
tornidsUK
f111c
ja37
f15k
kf16bk32
kf16bk52
ea18g
tornidsi
f16abk15il
f16bbk15il
f16cbk30il
f16dbk30il
f16cbk40il
f16dbk40il
f16ibk52+il
f16ibk52+cftil
f16cbk32eg
f16cbk40eg
f16amjo
f15ciaf
f15i
rafalec
f16cbk52+eg
av8b+
a10c
f16bk30agrs
g550
